<?xml version="1.0" encoding="UTF-8"?>
<testng-results skipped="0" failed="0" ignored="0" total="1" passed="1">
  <reporter-output>
  </reporter-output>
  <suite name="Default suite" duration-ms="20296" started-at="2020-09-20T19:14:12 IST" finished-at="2020-09-20T19:14:32 IST">
    <groups>
    </groups>
    <test name="Default test" duration-ms="20296" started-at="2020-09-20T19:14:12 IST" finished-at="2020-09-20T19:14:32 IST">
      <class name="apidemos.ChromeTest">
        <test-method status="PASS" signature="InvokeApp()[pri:0, instance:apidemos.ChromeTest@3234e239]" name="InvokeApp" duration-ms="20127" started-at="2020-09-20T19:14:12 IST" finished-at="2020-09-20T19:14:32 IST">
          <reporter-output>
          </reporter-output>
        </test-method> <!-- InvokeApp -->
      </class> <!-- apidemos.ChromeTest -->
    </test> <!-- Default test -->
  </suite> <!-- Default suite -->
</testng-results>
